<?xml version="1.0" encoding="UTF-8"?>
<testsuite xmlns:xsi="http://www.w3.org/2001/XMLSchema-instance" xsi:noNamespaceSchemaLocation="https://maven.apache.org/surefire/maven-surefire-plugin/xsd/surefire-test-report.xsd" name="fr.uvsq.cprog.collex.exercice2test.TriangleTest" time="0" tests="6" errors="0" skipped="0" failures="0">
  <properties>
[...]
</properties>
  <testcase name="calcPerimeterTest" classname="fr.uvsq.cprog.collex.exercice2test.TriangleTest" time="0"/>
  <testcase name="calcSurface" classname="fr.uvsq.cprog.collex.exercice2test.TriangleTest" time="0"/>
  <testcase name="TriangleTest" classname="fr.uvsq.cprog.collex.exercice2test.TriangleTest" time="0"/>
  <testcase name="longeurATest" classname="fr.uvsq.cprog.collex.exercice2test.TriangleTest" time="0"/>
  <testcase name="longeurBTest" classname="fr.uvsq.cprog.collex.exercice2test.TriangleTest" time="0"/>
  <testcase name="longeurCTest" classname="fr.uvsq.cprog.collex.exercice2test.TriangleTest" time="0"/>
</testsuite>